<?xml version="1.0" encoding="UTF-8"?>
<!-- Generated by org.testng.reporters.JUnitXMLReporter -->
<testsuite hostname="DESKTOP-TLB4NBT" name="TC_003_VerifyListeners" tests="9" failures="0" timestamp="15 Jul 2017 22:50:36 GMT" time="106.193" errors="0">
  <testcase name="VerifyloginApplication" time="5.194" classname="com.test.UIAutomation.HomePage.TC_001Sigin"/>
  <testcase name="VerifyloginApplication" time="8.322" classname="com.test.UIAutomation.HomePage.TC_002"/>
  <testcase name="VerifyloginApplication" time="0.0" classname="com.test.UIAutomation.HomePage.TC_002">
    <skipped/>
  </testcase> <!-- VerifyloginApplication -->
  <testcase name="VerifyloginApplication" time="4.983" classname="com.test.UIAutomation.HomePage.TC_002"/>
  <testcase name="VerifyloginApplication" time="6.436" classname="com.test.UIAutomation.HomePage.TC_002"/>
  <testcase name="VerifyloginApplication" time="5.009" classname="com.test.UIAutomation.HomePage.TC_002"/>
  <testcase name="VerifyloginApplication" time="6.443" classname="com.test.UIAutomation.HomePage.TC_002"/>
  <testcase name="VerifyloginApplication" time="4.969" classname="com.test.UIAutomation.HomePage.TC_002"/>
  <testcase name="VerifyListeners" time="5.86" classname="com.test.UIAutomation.HomePage.TC_003_VerifyListeners"/>
</testsuite> <!-- TC_003_VerifyListeners -->
